<?xml version="1.0" encoding="UTF-8"?>
<!-- Generated by org.testng.reporters.JUnitReportReporter -->
<testsuite skipped="0" hostname="WDP-00363" name="test.java.com.MortyraSky.tests.MainTest" tests="4" failures="0" timestamp="02 авг 2018 10:41:53 GMT" time="106.068" errors="0">
  <testcase name="marketTest3" time="12.331" classname="test.java.com.MortyraSky.tests.MainTest"/>
  <testcase name="marketTest1" time="31.342" classname="test.java.com.MortyraSky.tests.MainTest"/>
  <testcase name="marketTest4" time="58.377" classname="test.java.com.MortyraSky.tests.MainTest"/>
  <testcase name="marketTest2" time="4.018" classname="test.java.com.MortyraSky.tests.MainTest"/>
</testsuite> <!-- test.java.com.MortyraSky.tests.MainTest -->
