<?xml version="1.0" encoding="UTF-8"?>
<!-- Generated by org.testng.reporters.JUnitReportReporter -->
<testsuite skipped="0" hostname="WDP-00363" name="test.java.com.MortyraSky.tests.MainTest" tests="4" failures="0" timestamp="02 авг 2018 09:26:23 GMT" time="114.180" errors="0">
  <testcase name="marketTest3" time="15.863" classname="test.java.com.MortyraSky.tests.MainTest"/>
  <testcase name="marketTest1" time="31.188" classname="test.java.com.MortyraSky.tests.MainTest"/>
  <testcase name="marketTest4" time="62.853" classname="test.java.com.MortyraSky.tests.MainTest"/>
  <testcase name="marketTest2" time="4.276" classname="test.java.com.MortyraSky.tests.MainTest"/>
</testsuite> <!-- test.java.com.MortyraSky.tests.MainTest -->
