<?xml version="1.0" encoding="UTF-8"?>
<!-- Generated by org.testng.reporters.JUnitReportReporter -->
<testsuite skipped="0" hostname="WDP-00363" name="test.java.com.MortyraSky.tests.MainTest" tests="4" failures="0" timestamp="03 авг 2018 05:53:14 GMT" time="98.581" errors="0">
  <testcase name="marketTest1" time="30.035" classname="test.java.com.MortyraSky.tests.MainTest"/>
  <testcase name="marketTest3" time="10.334" classname="test.java.com.MortyraSky.tests.MainTest"/>
  <testcase name="marketTest2" time="4.228" classname="test.java.com.MortyraSky.tests.MainTest"/>
  <testcase name="marketTest4" time="53.984" classname="test.java.com.MortyraSky.tests.MainTest"/>
</testsuite> <!-- test.java.com.MortyraSky.tests.MainTest -->
